22/10/23 22:16:04 INFO mapreduce.Job:  map 0% reduce 0%
22/10/23 22:16:13 INFO mapreduce.Job:  map 50% reduce 0%
22/10/23 22:16:20 INFO mapreduce.Job:  map 100% reduce 0%
22/10/23 22:16:21 INFO mapreduce.Job:  map 100% reduce 100%
22/10/23 22:16:22 INFO mapreduce.Job: Job job_1665051353475_1144 completed successfully
22/10/23 22:16:22 INFO mapreduce.Job: Counters: 53
	File System Counters
		FILE: Number of bytes read=885916
		FILE: Number of bytes written=2516872
		FILE: Number of read operations=0
		FILE: Number of large read operations=0
		FILE: Number of write operations=0
		HDFS: Number of bytes read=2546699
		HDFS: Number of bytes written=597755
		HDFS: Number of read operations=11
		HDFS: Number of large read operations=0
		HDFS: Number of write operations=2
	Job Counters 
		Launched map tasks=2
		Launched reduce tasks=1
		Rack-local map tasks=2
		Total time spent by all maps in occupied slots (ms)=125526
		Total time spent by all reduces in occupied slots (ms)=29838
		Total time spent by all map tasks (ms)=20921
		Total time spent by all reduce tasks (ms)=4973
		Total vcore-milliseconds taken by all map tasks=20921
		Total vcore-milliseconds taken by all reduce tasks=4973
		Total megabyte-milliseconds taken by all map tasks=128538624
		Total megabyte-milliseconds taken by all reduce tasks=30554112
	Map-Reduce Framework
		Map input records=52710
		Map output records=409359
		Map output bytes=3275585
		Map output materialized bytes=885922
		Input split bytes=204
		Combine input records=409359
		Combine output records=66402
		Reduce input groups=51587
		Reduce shuffle bytes=885922
		Reduce input records=66402
		Reduce output records=51587
		Spilled Records=132804
		Shuffled Maps =2
		Failed Shuffles=0
		Merged Map outputs=2
		GC time elapsed (ms)=737
		CPU time spent (ms)=18620
		Physical memory (bytes) snapshot=1968324608
		Virtual memory (bytes) snapshot=18386972672
		Total committed heap usage (bytes)=1591214080
		Peak Map Physical memory (bytes)=2472026112
		Peak Map Virtual memory (bytes)=5539803136
		Peak Reduce Physical memory (bytes)=296218624
		Peak Reduce Virtual memory (bytes)=7334985728
	Shuffle Errors
		BAD_ID=0
		CONNECTION=0
		IO_ERROR=0
		WRONG_LENGTH=0
		WRONG_MAP=0
		WRONG_REDUCE=0
	File Input Format Counters 
		Bytes Read=2546495
	File Output Format Counters 
		Bytes Written=597755
22/10/23 22:16:22 INFO streaming.StreamJob: Output directory: worldCounterLMJavaComb