sumAll.take(20).foreach(println)
(#50DaysForSensationalSLN,Map(#MovieLand -> 1, #SSMB27 -> 1, #SarileruNeekevvaru50days -> 1, #MaSSMB -> 1, #SarileruNeekevvaru -> 3, #UnBeatenAVPL50Days -> 1))
(#HRNews,Map(#HR -> 1))
(#LouisVuitton,Map(#LVFW20 -> 1))
(#BlasketIsland,Map(#StormJorge -> 1))
(#homequarantine,Map(#china -> 1, #beijing -> 1, #CoronavirusOutbreak -> 1))
(#NCT_DREAM,Map(#NCT_DREAM_GO -> 1, #NCTDREAM -> 1, #TheDreamShowInJKT -> 3, #NCT2018 -> 1, #TheDreamShowInJakarta -> 1, #NCTDreaminJKT -> 1, #ì—”ì‹œí‹°ë“œë¦¼ -> 2, #NCT -> 3, #ì—”ì‹œí‹° -> 2, #GO -> 1))
(#KanyeWest,Map(#GOP -> 1, #KAG -> 1, #Christian -> 1, #America -> 1, #BlacksForTrump -> 1, #MAGA -> 1, #God -> 1, #AfricanAmerican -> 1, #CPAC2020 -> 1, #Blexit -> 1, #KAG2020 -> 1, #Jesus -> 1))
(#SofaScore,Map(#CIN -> 1, #NYR -> 1))
(#keto,Map(#health -> 1, #if -> 1, #weightloss -> 1, #lchf -> 1, #fitness -> 1))
(#UpWithMontana,Map(#GoGriz -> 1))
(#2winDunx,Map(#Hiphop -> 1, #Pop -> 1, #RnB -> 1, #Hippop -> 1, #rotorvideos -> 1, #Music -> 1))
(#OnAir,Map(#Live -> 2, #LaPlaylistRadioAntigone -> 1, #NP -> 2))
(#à¹€à¸ˆà¹‰à¸²à¹à¸à¹‰à¸¡à¸à¹‰à¸­à¸™,Map(#UWMALastingPromise -> 3, #à¸„à¸¸à¸“à¸«à¸™à¸¹à¸‚à¸µà¹‰à¸­à¸²à¸¢à¸à¸±à¸šà¸„à¸¸à¸“à¸Šà¸²à¸¢à¹€à¸ˆà¹‰à¸²à¸Šà¸¹à¹‰ -> 2, #à¹‚à¸­à¸«à¹Œà¸¡à¹„à¸‡ -> 2, #fluke_natouch -> 2))
(#cyclist,Map(#hot -> 1, #lycra -> 1, #lycraboys -> 1))
(#publichealth,Map(#coronavirus -> 1))
(#eizouken_anime,Map(#æ˜ åƒç ” -> 1))
(#kanachantv,Map(#ezpz -> 1))
(#cyberpunk,Map(#robosona -> 1, #digitalart -> 1, #android -> 1, #digitalartist -> 1, #neon -> 1, #robot -> 1))
(#renalpath,Map(#uscap2020 -> 1, #pulmpath -> 1))
(#bnha,Map(#mha -> 1, #BokuNoHeroAcademia -> 1, #bakugoukatsuki -> 1, #çˆ†è±ªå‹å·± -> 1, #todomomo -> 4, #è½Ÿç™¾ -> 4, #MyHeroAcadamia -> 1))

sumAll.filter(_._1 == "#BTS").collect()(0)._2.foreach(println)
(#ì§„,4)
(#ë°©íƒ„ì†Œë…„ë‹¨ìŠˆê°€,1)
(#í˜¸ë¹„,1)
(#vmin,1)
(#BTSedit,1)
(#BoyWithLuv,1)
(#makingof,1)
(#PauloCoelho,2)
(#é‡‘ç¢©ç,1)
(#BTSV,3)
(#ê¹€íƒœí˜•,1)
(#TXT,3)
(#BestMusicVideo,1)
(#ON,6)
(#BrunoMars,2)
(#Jungkook,1)
(#billboard,32)
(#MOTS7,2)
(#GOT7,1)
(#ë¹Œë³´ë“œ,32)
(#SEVENTEEN,1)
(#ã‚¸ãƒ³,1)
(#EXO,3)
(#ì˜¤ëŠ˜ì˜ë°©íƒ„,1)
(#OurForeverBTS,1)
(#Taehyungfanart,1)
(#ZICO,1)
(#ì œì´í™‰,5)
(#JUNGKOOK,16)
(#ğ—ºğ—¼ğ—»ğ—±ï¢•,2)
(#btsarmy,1)
(#BIGBANG,2)
(#Yoonjin,1)
(#Army,1)
(#BTS422kDebut,2)
(#ìŠˆê°€,4)
(#BTSON,1)
(#ê¹€ì„ì§„,2)
(#TWICE,1)
(#BTS4thNo1Album,2)
(#ì •í˜¸ì„,2)
(#JIN,8)
(#íƒœíƒœ,3)
(#ë°©íƒ„ì†Œë…„ë‹¨ì§„,8)
(#BehindTheScenes,1)
(#VirtualReality,1)
(#í˜¸ì„ì´_í¬ë§ì„¸ìƒ_ê°œì¥_2ì£¼ë…„,1)
(#ì „ì •êµ­,3)
(#KimTaehyung,1)
(#SOLID_RM,3)
(#mapofthesoul7,32)
(#Backstage,1)
(#JIMIN,2)
(#í™‰ì›”ë“œ_2ì£¼ë…„_ì¶•í•˜í•´,1)
(#SEOKJIN,7)
(#Seokjin,1)
(#ë°•ì§€ë¯¼,1)
(#TaehyungYouArePerfect,1)
(#KCA,2)
(#iHeartAwards,1)
(#edit,1)
(#TVXQ,1)
(#vrporn,1)
(#ì„ì§„,7)
(#iKON,1)
(#ì •êµ­,12)
(#BTS,3)
(#Kpop,1)
(#EVERGLOW,1)
(#jialissa,1)
(#BLACKPINK,5)
(#JK,5)
(#MapOfTheSoul7,1)
(#ë°©íƒ„ì†Œë…„ë‹¨,102)
(#aesthetic,1)
(#ON3rdWin,8)
(#V,9)
(#ë°©íƒ„ì†Œë…„ë‹¨ë·”,3)
(#BTSJIMIN,1)
(#BTSJK,1)
(#VoteBTS,2)
(#MAP_OF_THE_SOUL_7,8)
(#On3rdWin,2)
(#SF9,1)
(#YouTubePremiere,1)
(#SUGA,10)
(#vr,1)
(#á¥±á¥£áƒ§,1)
(#7BillboardNo1Album,1)
(#ATEEZ,1)
(#IZONE,2)
(#JHOPE,10)
(#7Billboard200No1,2)
(#MAP_OF_THE__SOUL_7,1)
(#SUPERJUNIOR,1)
(#GFRIEND,1)
(#RM,6)
(#ë°©íƒ„,32)
(#BTSARMY,5)
(#ë°©íƒ„ì§„,4)
(#ì§€ë¯¼,1)
(#ë·”,3)
(#BTSJIN,2)
(#REDVELVET,1)
(#btsfanart,7)
(#íƒœí˜•,3)
(#Taehyung,4)
(#BoywithLuv,1)
(#YouTube,1)
(#SHINEE,1)
(#OurPianoKingSUGA,1)
(#MAMAMOO,1)
(#BTSonFallon,1)

sumAll.filter(_._1 == "#BTS").flatMap(_._2).map(x => (x._2, x._1)).top(100).foreach(println)
(102,#ë°©íƒ„ì†Œë…„ë‹¨)
(32,#ë¹Œë³´ë“œ)
(32,#ë°©íƒ„)
(32,#mapofthesoul7)
(32,#billboard)
(16,#JUNGKOOK)
(12,#ì •êµ­)
(10,#SUGA)
(10,#JHOPE)
(9,#V)
(8,#ë°©íƒ„ì†Œë…„ë‹¨ì§„)
(8,#ON3rdWin)
(8,#MAP_OF_THE_SOUL_7)
(8,#JIN)
(7,#ì„ì§„)
(7,#btsfanart)
(7,#SEOKJIN)
(6,#RM)
(6,#ON)
(5,#ì œì´í™‰)
(5,#JK)
(5,#BTSARMY)
(5,#BLACKPINK)
(4,#ì§„)
(4,#ìŠˆê°€)
(4,#ë°©íƒ„ì§„)
(4,#Taehyung)
(3,#íƒœí˜•)
(3,#íƒœíƒœ)
(3,#ì „ì •êµ­)
(3,#ë·”)
(3,#ë°©íƒ„ì†Œë…„ë‹¨ë·”)
(3,#TXT)
(3,#SOLID_RM)
(3,#EXO)
(3,#BTSV)
(3,#BTS)
(2,#ğ—ºğ—¼ğ—»ğ—±ï¢•)
(2,#ì •í˜¸ì„)
(2,#ê¹€ì„ì§„)
(2,#VoteBTS)
(2,#PauloCoelho)
(2,#On3rdWin)
(2,#MOTS7)
(2,#KCA)
(2,#JIMIN)
(2,#IZONE)
(2,#BrunoMars)
(2,#BTSJIN)
(2,#BTS4thNo1Album)
(2,#BTS422kDebut)
(2,#BIGBANG)
(2,#7Billboard200No1)
(1,#í™‰ì›”ë“œ_2ì£¼ë…„_ì¶•í•˜í•´)
(1,#í˜¸ì„ì´_í¬ë§ì„¸ìƒ_ê°œì¥_2ì£¼ë…„)
(1,#í˜¸ë¹„)
(1,#ì§€ë¯¼)
(1,#ì˜¤ëŠ˜ì˜ë°©íƒ„)
(1,#ë°©íƒ„ì†Œë…„ë‹¨ìŠˆê°€)
(1,#ë°•ì§€ë¯¼)
(1,#ê¹€íƒœí˜•)
(1,#é‡‘ç¢©ç)
(1,#ã‚¸ãƒ³)
(1,#á¥±á¥£áƒ§)
(1,#vrporn)
(1,#vr)
(1,#vmin)
(1,#makingof)
(1,#jialissa)
(1,#iKON)
(1,#iHeartAwards)
(1,#edit)
(1,#btsarmy)
(1,#aesthetic)
(1,#ZICO)
(1,#YouTubePremiere)
(1,#YouTube)
(1,#Yoonjin)
(1,#VirtualReality)
(1,#Taehyungfanart)
(1,#TaehyungYouArePerfect)
(1,#TWICE)
(1,#TVXQ)
(1,#Seokjin)
(1,#SUPERJUNIOR)
(1,#SHINEE)
(1,#SF9)
(1,#SEVENTEEN)
(1,#REDVELVET)
(1,#OurPianoKingSUGA)
(1,#OurForeverBTS)
(1,#MapOfTheSoul7)
(1,#MAP_OF_THE__SOUL_7)
(1,#MAMAMOO)
(1,#Kpop)
(1,#KimTaehyung)
(1,#Jungkook)
(1,#GOT7)
(1,#GFRIEND)
(1,#EVERGLOW)

sumAll.count()
res7: Long = 10646
