22/10/14 10:07:12 INFO mapreduce.Job: Counters: 53
	File System Counters
		FILE: Number of bytes read=4999680
		FILE: Number of bytes written=10488391
		FILE: Number of read operations=0
		FILE: Number of large read operations=0
		FILE: Number of write operations=0
		HDFS: Number of bytes read=2471665
		HDFS: Number of bytes written=597762
		HDFS: Number of read operations=8
		HDFS: Number of large read operations=0
		HDFS: Number of write operations=2
	Job Counters 
		Launched map tasks=1
		Launched reduce tasks=1
		Rack-local map tasks=1
		Total time spent by all maps in occupied slots (ms)=40134
		Total time spent by all reduces in occupied slots (ms)=28674
		Total time spent by all map tasks (ms)=6689
		Total time spent by all reduce tasks (ms)=4779
		Total vcore-milliseconds taken by all map tasks=6689
		Total vcore-milliseconds taken by all reduce tasks=4779
		Total megabyte-milliseconds taken by all map tasks=41097216
		Total megabyte-milliseconds taken by all reduce tasks=29362176
	Map-Reduce Framework
		Map input records=52710
		Map output records=421738
		Map output bytes=4156198
		Map output materialized bytes=4999680
		Input split bytes=115
		Combine input records=0
		Combine output records=0
		Reduce input groups=51588
		Reduce shuffle bytes=4999680
		Reduce input records=421738
		Reduce output records=51588
		Spilled Records=843476
		Shuffled Maps =1
		Failed Shuffles=0
		Merged Map outputs=1
		GC time elapsed (ms)=525
		CPU time spent (ms)=9140
		Physical memory (bytes) snapshot=2901553152
		Virtual memory (bytes) snapshot=12874596352
		Total committed heap usage (bytes)=3133145088
		Peak Map Physical memory (bytes)=2585247744
		Peak Map Virtual memory (bytes)=5536636928
		Peak Reduce Physical memory (bytes)=316305408
		Peak Reduce Virtual memory (bytes)=7337959424
	Shuffle Errors
		BAD_ID=0
		CONNECTION=0
		IO_ERROR=0
		WRONG_LENGTH=0
		WRONG_MAP=0
		WRONG_REDUCE=0
	File Input Format Counters 
		Bytes Read=2471550
	File Output Format Counters 
		Bytes Written=597762