22/10/23 22:01:14 INFO mapreduce.Job:  map 0% reduce 0%
22/10/23 22:01:24 INFO mapreduce.Job:  map 50% reduce 0%
22/10/23 22:01:30 INFO mapreduce.Job:  map 100% reduce 0%
22/10/23 22:01:32 INFO mapreduce.Job:  map 100% reduce 100%
22/10/23 22:01:33 INFO mapreduce.Job: Job job_1665051353475_1142 completed successfully
22/10/23 22:01:33 INFO mapreduce.Job: Counters: 53
	File System Counters
		FILE: Number of bytes read=4094309
		FILE: Number of bytes written=8931687
		FILE: Number of read operations=0
		FILE: Number of large read operations=0
		FILE: Number of write operations=0
		HDFS: Number of bytes read=2546699
		HDFS: Number of bytes written=597755
		HDFS: Number of read operations=11
		HDFS: Number of large read operations=0
		HDFS: Number of write operations=2
	Job Counters 
		Launched map tasks=2
		Launched reduce tasks=1
		Rack-local map tasks=2
		Total time spent by all maps in occupied slots (ms)=124068
		Total time spent by all reduces in occupied slots (ms)=34566
		Total time spent by all map tasks (ms)=20678
		Total time spent by all reduce tasks (ms)=5761
		Total vcore-milliseconds taken by all map tasks=20678
		Total vcore-milliseconds taken by all reduce tasks=5761
		Total megabyte-milliseconds taken by all map tasks=127045632
		Total megabyte-milliseconds taken by all reduce tasks=35395584
	Map-Reduce Framework
		Map input records=52710
		Map output records=409359
		Map output bytes=3275585
		Map output materialized bytes=4094315
		Input split bytes=204
		Combine input records=0
		Combine output records=0
		Reduce input groups=51587
		Reduce shuffle bytes=4094315
		Reduce input records=409359
		Reduce output records=51587
		Spilled Records=818718
		Shuffled Maps =2
		Failed Shuffles=0
		Merged Map outputs=2
		GC time elapsed (ms)=245
		CPU time spent (ms)=18390
		Physical memory (bytes) snapshot=3588730880
		Virtual memory (bytes) snapshot=18406006784
		Total committed heap usage (bytes)=5241831424
		Peak Map Physical memory (bytes)=2464239616
		Peak Map Virtual memory (bytes)=5538009088
		Peak Reduce Physical memory (bytes)=306880512
		Peak Reduce Virtual memory (bytes)=7331295232
	Shuffle Errors
		BAD_ID=0
		CONNECTION=0
		IO_ERROR=0
		WRONG_LENGTH=0
		WRONG_MAP=0
		WRONG_REDUCE=0
	File Input Format Counters 
		Bytes Read=2546495
	File Output Format Counters 
		Bytes Written=597755
22/10/23 22:01:33 INFO streaming.StreamJob: Output directory: worldCounterLMJava
